2021-07-20 20:36:41,453:INFO:discord.client: logging in using static token
2021-07-20 20:36:41,809:DEBUG:discord.http: GET https://discord.com/api/v7/users/@me with None has returned 200
2021-07-20 20:36:41,810:DEBUG:discord.http: GET https://discord.com/api/v7/users/@me has received {'id': '867114352040214568', 'username': 'StockBot', 'avatar': 'f777150d8b7781b71a6455704f230e8d', 'discriminator': '3134', 'public_flags': 0, 'flags': 0, 'bot': True, 'banner': None, 'banner_color': None, 'accent_color': None, 'bio': '', 'locale': 'en-US', 'mfa_enabled': False, 'email': None, 'verified': True}
2021-07-20 20:36:41,858:DEBUG:discord.http: GET https://discord.com/api/v7/gateway with None has returned 200
2021-07-20 20:36:41,859:DEBUG:discord.http: GET https://discord.com/api/v7/gateway has received {'url': 'wss://gateway.discord.gg'}
2021-07-20 20:36:42,134:DEBUG:discord.gateway: Created websocket connected to wss://gateway.discord.gg?encoding=json&v=6&compress=zlib-stream
2021-07-20 20:36:42,135:DEBUG:discord.client: Dispatching event socket_raw_receive
2021-07-20 20:36:42,135:DEBUG:discord.gateway: For Shard ID None: WebSocket Event: {'t': None, 's': None, 'op': 10, 'd': {'heartbeat_interval': 41250, '_trace': ['["gateway-prd-main-hxjl",{"micros":0.0}]']}}
2021-07-20 20:36:42,135:DEBUG:discord.client: Dispatching event socket_response
2021-07-20 20:36:42,135:DEBUG:discord.client: Dispatching event socket_raw_send
2021-07-20 20:36:42,136:DEBUG:discord.client: Dispatching event socket_raw_send
2021-07-20 20:36:42,136:INFO:discord.gateway: Shard ID None has sent the IDENTIFY payload.
2021-07-20 20:36:42,187:DEBUG:discord.client: Dispatching event socket_raw_receive
2021-07-20 20:36:42,187:DEBUG:discord.gateway: For Shard ID None: WebSocket Event: {'t': None, 's': None, 'op': 11, 'd': None}
2021-07-20 20:36:42,187:DEBUG:discord.client: Dispatching event socket_response
2021-07-20 20:36:42,227:DEBUG:discord.client: Dispatching event socket_raw_receive
2021-07-20 20:36:42,227:DEBUG:discord.gateway: For Shard ID None: WebSocket Event: {'t': 'READY', 's': 1, 'op': 0, 'd': {'v': 6, 'user_settings': {}, 'user': {'verified': True, 'username': 'StockBot', 'mfa_enabled': False, 'id': '867114352040214568', 'flags': 0, 'email': None, 'discriminator': '3134', 'bot': True, 'avatar': 'f777150d8b7781b71a6455704f230e8d'}, 'session_id': '2bc6577d2ab896254f830769254d9b2d', 'relationships': [], 'private_channels': [], 'presences': [], 'guilds': [{'unavailable': True, 'id': '867108254961893376'}], 'guild_join_requests': [], 'geo_ordered_rtc_regions': ['us-central', 'us-east', 'us-south', 'us-west', 'europe'], 'application': {'id': '867114352040214568', 'flags': 262144}, '_trace': ['["gateway-prd-main-hxjl",{"micros":42567,"calls":["discord-sessions-blue-prd-2-4",{"micros":40994,"calls":["start_session",{"micros":28502,"calls":["api-prd-main-vvj6",{"micros":24532,"calls":["get_user",{"micros":3058},"add_authorized_ip",{"micros":1277},"get_guilds",{"micros":3433},"coros_wait",{"micros":1}]}]},"guilds_connect",{"micros":1,"calls":[]},"presence_connect",{"micros":830,"calls":[]}]}]}]']}}
2021-07-20 20:36:42,227:DEBUG:discord.client: Dispatching event socket_response
2021-07-20 20:36:42,227:INFO:discord.gateway: Shard ID None has connected to Gateway: ["gateway-prd-main-hxjl",{"micros":42567,"calls":["discord-sessions-blue-prd-2-4",{"micros":40994,"calls":["start_session",{"micros":28502,"calls":["api-prd-main-vvj6",{"micros":24532,"calls":["get_user",{"micros":3058},"add_authorized_ip",{"micros":1277},"get_guilds",{"micros":3433},"coros_wait",{"micros":1}]}]},"guilds_connect",{"micros":1,"calls":[]},"presence_connect",{"micros":830,"calls":[]}]}]}] (Session ID: 2bc6577d2ab896254f830769254d9b2d).
2021-07-20 20:36:42,237:DEBUG:discord.client: Dispatching event connect
2021-07-20 20:36:42,237:DEBUG:discord.client: Dispatching event socket_raw_receive
2021-07-20 20:36:42,238:DEBUG:discord.gateway: For Shard ID None: WebSocket Event: {'t': 'GUILD_CREATE', 's': 2, 'op': 0, 'd': {'presences': [], 'emojis': [], 'max_members': 100000, 'name': 'Development', 'explicit_content_filter': 0, 'preferred_locale': 'en-US', 'description': None, 'voice_states': [], 'default_message_notifications': 0, 'stage_instances': [], 'unavailable': False, 'large': False, 'features': [], 'application_command_count': 0, 'channels': [{'type': 4, 'position': 0, 'permission_overwrites': [], 'name': 'Text channels', 'id': '867108254961893377'}, {'type': 4, 'position': 0, 'permission_overwrites': [], 'name': 'Voice channels', 'id': '867108254961893378'}, {'type': 0, 'topic': None, 'rate_limit_per_user': 0, 'position': 0, 'permission_overwrites': [], 'parent_id': '867108254961893377', 'name': 'general', 'last_message_id': '867202784805650492', 'id': '867108254961893379'}, {'user_limit': 0, 'type': 2, 'rtc_region': None, 'position': 0, 'permission_overwrites': [], 'parent_id': '867108254961893378', 'name': 'General', 'id': '867108254961893380', 'bitrate': 64000}], 'splash': None, 'discovery_splash': None, 'joined_at': '2021-07-20T18:46:17.157899+00:00', 'premium_subscription_count': 0, 'vanity_url_code': None, 'stickers': [], 'guild_hashes': {'version': 1, 'roles': {'omitted': False, 'hash': 'yLZnL5GIrQg'}, 'metadata': {'omitted': False, 'hash': 'E7KWQXVO8so'}, 'channels': {'omitted': False, 'hash': 'E1tLwgUFY20'}}, 'banner': None, 'lazy': True, 'region': 'us-central', 'icon': None, 'members': [{'user': {'username': 'StockBot', 'id': '867114352040214568', 'discriminator': '3134', 'bot': True, 'avatar': 'f777150d8b7781b71a6455704f230e8d'}, 'roles': [], 'premium_since': None, 'pending': False, 'nick': None, 'mute': False, 'joined_at': '2021-07-20T18:46:17.157899+00:00', 'is_pending': False, 'hoisted_role': None, 'deaf': False, 'avatar': None}], 'system_channel_id': '867108254961893379', 'threads': [], 'application_id': None, 'member_count': 2, 'verification_level': 0, 'nsfw_level': 0, 'premium_tier': 0, 'id': '867108254961893376', 'mfa_level': 0, 'system_channel_flags': 0, 'max_video_channel_users': 25, 'afk_channel_id': None, 'roles': [{'position': 0, 'permissions_new': '247064940097', 'permissions': 104320577, 'name': '@everyone', 'mentionable': False, 'managed': False, 'id': '867108254961893376', 'hoist': False, 'color': 0}], 'rules_channel_id': None, 'nsfw': False, 'public_updates_channel_id': None, 'afk_timeout': 300, 'owner_id': '491423416545574924'}}
2021-07-20 20:36:42,238:DEBUG:discord.client: Dispatching event socket_response
2021-07-20 20:36:42,239:DEBUG:discord.client: Dispatching event guild_available
2021-07-20 20:36:44,241:DEBUG:discord.client: Dispatching event ready
2021-07-20 20:36:47,474:INFO:discord.client: Cleaning up tasks.
2021-07-20 20:36:47,474:INFO:discord.client: Cleaning up after 1 tasks.
2021-07-20 20:36:47,476:INFO:discord.client: All tasks finished cancelling.
2021-07-20 20:36:47,476:INFO:discord.client: Closing the event loop.
